##### fcrypt -d -n 2..3 words/city-jp.txt
##### 53 words were found
##### Search 2 words addition
Cryptarithmetic Puzzle Solver by N. Tamura (type help for help)
AKITA+KYOTO=SENDAI (45674+58272=103946)
AKITA+MATSUE=AOMORI (51325+452768=504093)
AKITA+NAGANO=MORIOKA (73247+978790=1052037)
AKITA+OITA=KYOTO (34803+6803=41606)
AOMORI+FUKUOKA=OKAYAMA (942470+3656459=4598929)
AOMORI+SAPPORO=FUKUOKA (790968+1744969=2535937)
AOMORI+SENDAI=NAGANO (329246+508136=837382)
AOMORI+TOTTORI=ODAWARA (684803+7877803=8562606)
AOMORI+TOTTORI=OKAYAMA (682813+7877813=8560626)
CHIBA+HAKONE=NAGANO (96803+634572=731375)
CHIBA+NIKKO=HAKONE (71403+64559=135962)
FUJI+FUKUI=KYOTO (7562+75852=83414)
FUKUI+KOCHI=NAGANO (96365+30845=127210)
FUKUI+KYOTO=NAGANO (85450+43767=129217)
FUKUI+NIKKO=HAKONE (50807+97886=148693)
FUKUOKA+NAGANO=YOKOHAMA (9828027+376730=10204757)
FUKUOKA+TOTTORI=OKAYAMA (4636735+2722780=7359515)
HAKONE+MIYAZAKI=YOKOHAMA (352046+79851529=80203575)
HAKONE+MORIOKA=OKAYAMA (724610+5698642=6423252)
HAKONE+TOKYO=TOYAMA (751362+83143=834505)
KAMAKURA+MORIOKA=NAGASAKI (51915701+9402451=61318152)
KANAZAWA+MIYAZAKI=WAKAYAMA (59196979+20396950=79593929)
KOCHI+MITO=CHIBA (87934+5467=93401)
KOCHI+NIKKO=TOYAMA (85407+67885=153292)
KOCHI+OSAKA=NAGOYA (48520+89343=137863)
KOCHI+OSAKA=SENDAI (75834+51070=126904)
KOCHI+TSU=CHIBA (59604+827=60431)
KOFU+OTSU=OSAKA (9187+1307=10494)
KUMAMOTO+TOTTORI=WAKAYAMA (58171393+9399324=67570717)
KYOTO+MITO=TOKYO (52060+8460=60520)
KYOTO+OITA=SENDAI (98565+5762=104327)
KYOTO+OSAKA=MATSUE (74656+60373=135029)
KYOTO+OSAKA=TOKYO (41373+32040=73413)
KYOTO+TOKYO=HAKONE (93585+85935=179520)
KYOTO+TOKYO=SENDAI (74353+53743=128096)
MATSUE+TOTTORI=MORIOKA (938017+8588526=9526543)
MORIOKA+TOTTORI=KANAZAWA (7680612+4644680=12325292)
MORIOKA+TOTTORI=YAMAGATA (5760724+8788760=14549484)
NAGANO+OTSU=SENDAI (496947+7351=504298)
NAGOYA+NIKKO=SENDAI (385968+37119=423087)
NAGOYA+OKAYAMA=MORIOKA (609430+4803050=5412480)
NIKKO+OTSU=MATSUE (97226+6358=103584)
NIKKO+SENDAI=HAKONE (87665+328917=416582)
NIKKO+TOKYO=SENDAI (74552+92532=167084)
OITA+TOYAMA=NAGOYA (9850+592070=601920)
OKAYAMA+WAKAYAMA=KAMAKURA (9804060+70804060=80608120)
OKAYAMA+WAKAYAMA=KANAZAWA (9701030+60701030=70402060)
OKAYAMA+WAKAYAMA=YAMAGATA (9703040+20703040=30406080)
OKAYAMA+YAMAGATA=KANAZAWA (9504060+40603020=50107080)
OSAKA+TOKYO=HAKONE (84525+68278=152803)
OSAKA+TOYAMA=MATSUE (65212+863292=928504)
OSAKA+ZUSHI=HAKONE (83505+67319=150824)
OTSU+TSU=URAWA (9641+641=10282)
SAGA+TSU=KOCHI (9363+894=10257)
SAGA+TSU=NIKKO (9656+792=10448)
SAPPORO+TOYAMA=MORIOKA (6944050+108979=7053029)
SAPPORO+URAWA=MORIOKA (2977060+86959=3064019)
TOTTORI+YAMAGATA=YOKOHAMA (5955970+63238353=69194323)
58 unique-solution puzzles found (30021 puzzles examined)
Total time = 14590 msec.
##### Search 3 words addition
Cryptarithmetic Puzzle Solver by N. Tamura (type help for help)
AKITA+AOMORI+HAKONE=TOTTORI (79417+752504+679583=1511504)
AKITA+AOMORI+MITO=MATSUE (40824+495978+5829=542631)
AKITA+AOMORI+MITO=NAGANO (62436+689804+9438=761678)
AKITA+AOMORI+MORIOKA=FUKUOKA (61406+657594+7594516=8313516)
AKITA+AOMORI+ODAWARA=MORIOKA (62416+678704+7963606=8704726)
AKITA+AOMORI+TOTTORI=FUKUOKA (41074+496920+7977920=8515914)
AKITA+CHIBA+OITA=HAKONE (45634+91604+8634=145872)
AKITA+FUJI+KYOTO=TOYAMA (56815+3478+69212=129505)
AKITA+FUKUI+GIFU=CHIBA (50975+31019+4931=86925)
AKITA+FUKUI+KOCHI=TOKYO (43294+16362+38702=98358)
AKITA+FUKUI+KOFU=NAGOYA (35423+96564+5096=137083)
AKITA+FUKUI+KOFU=TOYAMA (28312+67873+8067=104252)
AKITA+FUKUI+KYOTO=NAGANO (86258+30602+67959=184819)
AKITA+FUKUI+SAPPORO=TOTTORI (92749+85257+3966101=4144107)
AKITA+FUKUI+TOKYO=URAWA (30213+49092+18058=97363)
AKITA+FUKUI+TSU=NAGANO (64286+95452+875=160613)
AKITA+FUKUOKA+KOFU=ODAWARA (18251+3989481+8439=4016171)
AKITA+FUKUOKA+OKAYAMA=MIYAZAKI (82478+9020528+5283818=14386824)
AKITA+FUKUOKA+TOKYO=NIIGATA (97039+4878179+31721=5006939)
AKITA+GIFU+KOFU=TOYAMA (87418+9425+7025=103868)
AKITA+GIFU+KYOTO=TOYAMA (65716+4708+59212=129636)
AKITA+HAKONE+KYOTO=TOYAMA (74867+574901+42969=692737)
AKITA+HAKONE+MITO=AOMORI (64976+564380+1973=631329)
AKITA+HAKONE+MITO=NIIGATA (52085+952416+3084=1007585)
AKITA+HAKONE+MITO=TOYAMA (91049+391862+5048=487959)
AKITA+HAKONE+NAHA=AOMORI (82108+782645+4878=869631)
AKITA+HAKONE+NIIGATA=TOTTORI (12791+312085+8774191=9099067)
AKITA+HAKONE+NIKKO=TOYAMA (54295+854763+62447=971505)
AKITA+HAKONE+TOKYO=NAGOYA (30973+130426+74084=235483)
AKITA+HAKONE+TOKYO=NIIGATA (24052+924713+57487=1006252)
AKITA+KAMAKURA+NAGANO=KUMAMOTO (53275+35853605+951594=36858474)
AKITA+KOBE+KYOTO=NAGANO (78647+8023+89040=175710)
AKITA+KOBE+KYOTO=NAGOYA (98379+8604+85676=192659)
AKITA+KOBE+OITA=SENDAI (89628+9530+5628=104786)
AKITA+KOCHI+MITO=TOYAMA (69316+97053+8317=174686)
AKITA+KOCHI+NAHA=HAKONE (79407+96514+3717=179638)
AKITA+KOCHI+NAHA=NAGANO (39863+94078+1373=135314)
AKITA+KOCHI+NIKKO=HAKONE (84698+43216+56443=184357)
AKITA+KOCHI+OITA=NAGOYA (68426+87904+7426=163756)
AKITA+KOCHI+OITA=TOYAMA (87218+76402+6218=169838)
AKITA+KOCHI+TOKYO=CHIBA (12431+26754+36296=75481)
AKITA+KOFU+KYOTO=NAGANO (78647+8023+89040=175710)
AKITA+KOFU+KYOTO=NAGOYA (98379+8604+85676=192659)
AKITA+KUMAMOTO+MITO=KANAZAWA (82648+27989545+9645=28081838)
AKITA+KYOTO+NAGOYA=TOYAMA (92569+27161+498179=617909)
AKITA+KYOTO+NAHA=NAGOYA (29762+93868+1202=124832)
AKITA+KYOTO+NARA=NAGOYA (29762+93868+1202=124832)
AKITA+KYOTO+NIKKO=NAGANO (78467+82363+14883=175713)
AKITA+KYOTO+NIKKO=TOKYO (43284+30686+12336=86306)
AKITA+KYOTO+OITA=NAGOYA (68526+87424+4526=160476)
AKITA+KYOTO+OITA=SENDAI (37543+78949+9543=126035)
AKITA+KYOTO+OKAYAMA=ODAWARA (62586+29484+4269606=4361676)
AKITA+KYOTO+OSAKA=NAGOYA (43574+38676+60434=142684)
AKITA+KYOTO+OTSU=NAGOYA (28642+89747+7403=125792)
AKITA+KYOTO+SAGA=NAGOYA (69276+93474+5686=168436)
AKITA+KYOTO+TOKYO=HAKONE (76437+60939+39609=176985)
AKITA+KYOTO+TOKYO=NAGANO (72087+24383+83243=179713)
AKITA+KYOTO+TOKYO=ZUSHI (13521+39727+27397=80645)
AKITA+KYOTO+TSU=MATSUE (39873+96474+705=137052)
AKITA+KYOTO+ZUSHI=TOKYO (12981+23787+50469=87237)
AKITA+MATSUE+OTSU=AOMORI (81208+780395+6039=867642)
AKITA+MITO+NIKKO=MATSUE (53845+1846+98336=154027)
AKITA+MITO+OITA=OSAKA (47824+5826+6824=60474)
AKITA+MITO+OSAKA=NAGANO (58465+3469+90585=152519)
AKITA+MITO+OSAKA=SENDAI (38273+5276+61383=104932)
AKITA+MITO+TOKYO=KYOTO (18051+7059+59849=84959)
AKITA+MORIOKA+NAHA=NIIGATA (53015+7940935+8565=8002515)
AKITA+MORIOKA+SAGA=NIIGATA (58035+6940985+2515=7001535)
AKITA+MORIOKA+TOYAMA=SAPPORO (12871+5348321+739151=6100343)
AKITA+NAGANO+NIIGATA=FUKUOKA (65136+867684+8117636=9050456)
AKITA+NAGANO+NIKKO=SENDAI (37913+436348+49778=524039)
AKITA+NAGANO+OSAKA=SENDAI (70547+278721+13707=362975)
AKITA+NAGANO+SAGA=SENDAI (68746+160615+2606=231967)
AKITA+NAGANO+TOKYO=TOYAMA (68176+563650+70820=702646)
AKITA+NAGOYA+YAMAGATA=YOKOHAMA (51295+354685+85754595=86160575)
AKITA+NAHA+NIKKO=TOYAMA (72817+5707+58223=136747)
AKITA+NARA+NIKKO=TOYAMA (72817+5707+58223=136747)
AKITA+NIIGATA+TOKYO=FUKUOKA (93859+6884959+51321=7030139)
AKITA+NIKKO+OITA=SENDAI (97659+36778+8659=143096)
AKITA+NIKKO+OSAKA=FUKUI (60476+14002+23606=98084)
AKITA+NIKKO+SENDAI=HAKONE (18271+62880+436912=518063)
AKITA+NIKKO+SENDAI=NAGANO (61456+34119+273064=368639)
AKITA+NIKKO+TOKYO=HAKONE (48574+25883+73863=148320)
AKITA+NIKKO+TOKYO=NAGANO (67086+10774+84754=162614)
AKITA+NIKKO+TOYAMA=HAKONE (40754+87001+512434=640189)
AKITA+ODAWARA+TOKYO=OKAYAMA (16371+9518101+79649=9614121)
AKITA+OITA+OSAKA=NAGANO (35483+9483+92353=137319)
AKITA+OITA+OSAKA=SENDAI (80438+7438+71808=159684)
AKITA+OITA+TOKYO=HAKONE (38793+4793+94864=138450)
AKITA+OITA+TOKYO=OSAKA (35923+7923+27507=71353)
AKITA+OKAYAMA+TOKYO=NIIGATA (39023+7934353+27947=8001323)
AKITA+OSAKA+TOKYO=FUKUI (35743+12353+41501=89597)
AKITA+OSAKA+TOKYO=KOCHI (19721+50191+25935=95847)
AKITA+OSAKA+TSU=SENDAI (65496+71656+912=138064)
AKITA+OTSU+TOKYO=OSAKA (38043+9471+49869=97383)
AKITA+SAPPORO+TOKYO=MORIOKA (98159+3922070+50860=4071089)
AKITA+TOKYO+URAWA=TOYAMA (80918+12072+34868=127858)
AOMORI+FUJI+FUKUOKA=MORIOKA (108065+7935+7949041=8065041)
AOMORI+FUJI+MORIOKA=FUKUOKA (951530+2470+1530589=2484589)
AOMORI+FUJI+MORIOKA=OKAYAMA (854520+6790+4520538=5381848)
AOMORI+FUJI+TOTTORI=FUKUOKA (470718+6298+5755718=6232734)
AOMORI+FUKUI+FUKUOKA=OKAYAMA (256570+48180+4818512=5123262)
AOMORI+FUKUI+KOFU=NAGANO (470783+61913+9761=542457)
AOMORI+FUKUI+NARA=NAGANO (158567+49397+2161=210125)
AOMORI+FUKUI+OKAYAMA=FUKUOKA (132365+40905+3917121=4090391)
AOMORI+FUKUOKA+KOFU=OKAYAMA (869627+5313618+1653=6184898)
AOMORI+FUKUOKA+OITA=MORIOKA (217158+6939132+1842=7158132)
AOMORI+FUKUOKA+OSAKA=SAPPORO (281834+5909802+86202=6277838)
AOMORI+FUKUOKA+TOYAMA=MORIOKA (815142+3707108+619858=5142108)
AOMORI+GIFU+NAGANO=MORIOKA (761642+5209+875786=1642637)
AOMORI+HAKONE+KOCHI=MORIOKA (421297+843250+32687=1297234)
AOMORI+HAKONE+NARA=MORIOKA (801093+285067+6898=1093058)
AOMORI+KANAZAWA+NIKKO=KAMAKURA (679703+46261656+23447=46964806)
AOMORI+KOBE+MORIOKA=ODAWARA (654597+8513+4597586=5260696)
AOMORI+KOBE+NAGANO=MORIOKA (531392+4370+856583=1392345)
AOMORI+KOBE+ODAWARA=MORIOKA (645418+3402+4769616=5418436)
AOMORI+KOCHI+NAHA=HAKONE (296984+19734+5232=321950)
AOMORI+KOCHI+NIKKO=HAKONE (364618+96058+78996=539672)
AOMORI+KOCHI+TOTTORI=OKAYAMA (196907+29347+8988907=9215161)
AOMORI+KOFU+MORIOKA=ODAWARA (654597+8513+4597586=5260696)
AOMORI+KOFU+NAGANO=MORIOKA (531392+4370+856583=1392345)
AOMORI+KOFU+ODAWARA=MORIOKA (645418+3402+4769616=5418436)
AOMORI+KYOTO+MITO=NAGANO (327218+95262+7862=430342)
AOMORI+KYOTO+MORIOKA=ODAWARA (276783+59747+6783752=7120282)
AOMORI+KYOTO+TOYAMA=NAGOYA (279713+65747+475292=820752)
AOMORI+KYOTO+TOYAMA=SAPPORO (630324+87393+937606=1655323)
AOMORI+MATSUE+OITA=SAPPORO (379708+935146+7853=1322707)
AOMORI+MATSUE+TOTTORI=MORIOKA (326217+635809+5255217=6217243)
AOMORI+MITO+NAGANO=SAPPORO (567624+7406+958596=1533626)
AOMORI+MITO+NIKKO=TOYAMA (714165+4581+95001=813747)
AOMORI+MITO+SAPPORO=OKAYAMA (964607+4736+5922606=6891949)
AOMORI+MITO+SENDAI=TOTTORI (869604+9416+732584=1611604)
AOMORI+MITO+TOKYO=TOYAMA (817136+7691+91051=915878)
AOMORI+MITO+TOTTORI=ODAWARA (682819+2978+7877819=8563616)
AOMORI+MITO+TOYAMA=MATSUE (257563+7345+459272=724180)
AOMORI+MITO+TOYAMA=NAGOYA (785862+5218+183757=974837)
AOMORI+MORIOKA+NAHA=OKAYAMA (754513+4513527+8707=5276747)
AOMORI+MORIOKA+SAGA=OKAYAMA (754513+4513527+8707=5276747)
AOMORI+NAGANO+NAGOYA=MORIOKA (812179+683861+683108=2179148)
AOMORI+NAGANO+NAHA=MORIOKA (431387+946493+9424=1387304)
AOMORI+NAGANO+NIKKO=MORIOKA (971735+698967+65007=1735709)
AOMORI+NAGANO+SAGA=SENDAI (643450+169614+8696=821760)
AOMORI+NAGANO+TOTTORI=MORIOKA (352594+730375+1511594=2594563)
AOMORI+NAGANO+TOTTORI=OKAYAMA (357529+136315+4544529=5038373)
AOMORI+NAGOYA+SAGA=SAPPORO (452587+946534+1464=1400585)
AOMORI+NAGOYA+TOKYO=OKAYAMA (416159+743104+81201=1240464)
AOMORI+NAGOYA+TOTTORI=MORIOKA (704015+278067+3033015=4015097)
AOMORI+NARA+NIKKO=HAKONE (169683+4181+43776=217640)
AOMORI+NARA+SAPPORO=OKAYAMA (542476+8575+3599474=4150525)
AOMORI+NARA+TOKYO=TOYAMA (861654+2858+96306=960818)
AOMORI+NARA+TOTTORI=OKAYAMA (847490+5898+3433490=4286878)
AOMORI+NARA+TOYAMA=NAGOYA (423286+5484+120434=549204)
AOMORI+NIKKO+OKAYAMA=FUKUOKA (413169+89551+1547434=2050154)
AOMORI+NIKKO+SAGA=NAGOYA (790961+81229+3757=875947)
AOMORI+NIKKO+TOTTORI=FUKUOKA (730352+42663+8388352=9161367)
AOMORI+NIKKO+TOTTORI=OKAYAMA (591923+73669+8988923=9654515)
AOMORI+NIKKO+TOYAMA=NAGOYA (136307+47883+235161=419351)
AOMORI+OITA+TOTTORI=ODAWARA (578740+7065+6766740=7352545)
AOMORI+OITA+TOYAMA=NIIGATA (769603+6357+562797=1338757)
AOMORI+OTSU+TOTTORI=MORIOKA (947418+4623+6466418=7418459)
AOMORI+OTSU+TOYAMA=MATSUE (315149+1278+216353=532780)
AOMORI+OTSU+URAWA=MATSUE (495971+9263+37404=542638)
AOMORI+SAGA+SENDAI=NAGANO (203084+5262+517924=726270)
AOMORI+SAPPORO+TOKYO=MORIOKA (876714+5800717+37297=6714728)
AOMORI+SAPPORO+TOTTORI=NIIGATA (796904+5733909+1911904=8442717)
AOMORI+SAPPORO+TSU=MORIOKA (876721+5844727+350=6721798)
AOMORI+SAPPORO+URAWA=MORIOKA (635317+4600313+81696=5317326)
AOMORI+TOKYO+TOTTORI=NIIGATA (570724+87137+8788724=9446585)
AOMORI+TOKYO+URAWA=TOYAMA (298961+39049+56272=394282)
AOMORI+TOTTORI+TSU=MORIOKA (983806+2822806+247=3806859)
AOMORI+TSU+URAWA=MATSUE (354520+768+82393=437681)
CHIBA+FUKUI+KOFU=AKITA (62358+17973+9017=89348)
CHIBA+KOBE+KOCHI=AOMORI (63281+7489+74632=145402)
CHIBA+KOBE+TOKYO=AKITA (17095+6298+32642=56035)
CHIBA+KOCHI+KYOTO=TOKYO (35109+27351+24787=87247)
CHIBA+KOCHI+MITO=TOYAMA (94325+67943+8317=170585)
CHIBA+KOCHI+OSAKA=HAKONE (91657+43916+38747=174320)
CHIBA+KOCHI+OSAKA=NIKKO (52768+13527+30818=97113)
CHIBA+KOCHI+OSAKA=TOKYO (20564+13205+39414=73183)
CHIBA+KOCHI+OSAKA=ZUSHI (54670+31546+12030=98246)
CHIBA+KOCHI+SAGA=NAGANO (43582+69435+7202=120219)
CHIBA+KYOTO+TOKYO=NIKKO (54607+18323+23183=96113)
CHIBA+NAGANO+NAHA=AOMORI (29587+673761+6797=710145)
CHIBA+NAGANO+NAHA=TOTTORI (76482+925290+9262=1011034)
FUJI+FUKUI+KOFU=AOMORI (9674+96264+2096=108034)
FUJI+FUKUI+KYOTO=TOYAMA (7398+73238+25010=105646)
FUJI+FUKUI+NAHA=HAKONE (9564+95754+2010=107328)
FUJI+FUKUI+NIKKO=HAKONE (7569+75259+49220=132048)
FUJI+FUKUI+TOKYO=TOYAMA (9756+97876+12802=120434)
FUJI+FUKUOKA+MORIOKA=TOTTORI (4932+4979075+1082075=6066082)
FUKUI+FUKUOKA+MORIOKA=ODAWARA (15052+1505908+7962908=9483868)
FUKUI+FUKUOKA+NAGOYA=NIIGATA (35851+3585089+497029=4117969)
FUKUI+FUKUOKA+TOTTORI=ODAWARA (63730+6373874+1811850=8249454)
FUKUI+FUKUOKA+TOYAMA=TOTTORI (73935+7393290+821040=8288265)
FUKUI+GIFU+KOBE=NAGANO (95358+2895+3764=102017)
FUKUI+GIFU+KOFU=NIKKO (21514+7421+5621=34556)
FUKUI+GIFU+NAGANO=HAKONE (91615+7591+307032=406238)
FUKUI+GIFU+OSAKA=NAGOYA (42628+9842+57060=109530)
FUKUI+GIFU+SAGA=NAGOYA (93437+5793+6050=105280)
FUKUI+GIFU+TSU=AKITA (53230+8053+793=62076)
FUKUI+KAMAKURA+OKAYAMA=KUMAMOTO (56963+94749684+1940474=96747121)
FUKUI+KOBE+NIKKO=NAGANO (79896+8234+16882=105012)
FUKUI+KOCHI+KOFU=HAKONE (69597+50417+5069=125083)
FUKUI+KOCHI+NAHA=NAGANO (96364+30574+1272=128210)
FUKUI+KOCHI+NIKKO=NAGANO (96360+38720+10338=145418)
FUKUI+KOCHI+OSAKA=ZUSHI (15458+43068+37242=95768)
FUKUI+KOFU+KYOTO=AOMORI (38780+7238+79242=125260)
FUKUI+KOFU+KYOTO=NIKKO (21419+4521+43505=69445)
FUKUI+KOFU+KYOTO=TOKYO (13237+2513+29545=45295)
FUKUI+KOFU+MITO=NAGANO (87973+9687+4356=102016)
FUKUI+KOFU+NAGANO=AOMORI (56163+1456+782874=840493)
FUKUI+KOFU+NAHA=NAGANO (97378+3597+1040=102015)
FUKUI+KOFU+NARA=HAKONE (97876+8497+2050=108423)
FUKUI+KOFU+NARA=NAGANO (97378+3597+1040=102015)
FUKUI+KOFU+NIKKO=AOMORI (84940+9684+70996=165620)
FUKUI+KOFU+NIKKO=NAGANO (93837+8493+17884=120214)
FUKUI+KOFU+OITA=HAKONE (92326+3792+7640=103758)
FUKUI+KOFU+OITA=NAGANO (89597+5689+6730=102016)
FUKUI+KOFU+OSAKA=NIKKO (54641+6254+20767=81662)
FUKUI+KOFU+OTSU=NAGANO (87972+9687+6357=104016)
FUKUI+KOFU+SAGA=NAGOYA (96864+8596+2070=107530)
FUKUI+KOFU+TOKYO=KYOTO (67973+9067+20980=98020)
FUKUI+KOFU+TOKYO=ZUSHI (17678+6317+23603=47598)
FUKUI+KOFU+TSU=TOYAMA (97574+5097+167=102838)
FUKUI+KOFU+URAWA=NAGANO (79695+6279+94838=180812)
FUKUI+KYOTO+OITA=NAGOYA (29693+68747+7340=105780)
FUKUI+KYOTO+TOKYO=URAWA (48186+13727+27137=89050)
FUKUI+KYOTO+TOKYO=ZUSHI (18289+24535+35245=78069)
FUKUI+MITO+NIKKO=NAGANO (79598+4862+18552=103012)
FUKUI+MITO+OSAKA=TOYAMA (94643+2317+78060=175020)
FUKUI+MITO+TOKYO=OSAKA (15254+3468+68298=87020)
FUKUI+MORIOKA+NAGANO=FUKUOKA (24043+1783709+596957=2404709)
FUKUI+NAHA+OSAKA=HAKONE (65059+7212+48202=120473)
FUKUI+NAHA+OSAKA=NAGANO (30705+1242+96272=128219)
FUKUI+NARA+OSAKA=NAGANO (30705+1242+96272=128219)
FUKUI+NIKKO+OSAKA=SENDAI (90106+86117+72313=248536)
FUKUI+NIKKO+OTSU=NAGANO (83537+17554+4923=106014)
FUKUI+OITA+OSAKA=MATSUE (86769+4923+40373=132065)
FUKUI+OITA+TOKYO=NAGANO (58084+7496+97037=162617)
FUKUI+OITA+TSU=NAGANO (97476+3680+857=102013)
FUKUI+OKAYAMA+TOYAMA=MORIOKA (40507+1538323+618323=2197153)
FUKUI+OSAKA+OTSU=AOMORI (89295+74121+7349=170765)
FUKUI+OSAKA+SAGA=NAGANO (40602+87363+7353=135318)
FUKUI+OSAKA+SAGA=NAGOYA (73038+46202+6252=125492)
FUKUI+OSAKA+TOKYO=KYOTO (35754+29676+12782=78212)
FUKUI+OSAKA+TSU=NAGANO (93738+60575+203=154516)
FUKUI+OTSU+TSU=NAGANO (94548+6734+734=102016)
FUKUOKA+GIFU+KAMAKURA=KUMAMOTO (1989387+4019+87278957=89272363)
FUKUOKA+GIFU+NAGANO=TOTTORI (2858056+7428+167610=3033094)
FUKUOKA+GIFU+NIIGATA=TOTTORI (4090793+2640+1662353=5755786)
FUKUOKA+GIFU+NIKKO=TOTTORI (2949046+8529+75440=3033015)
FUKUOKA+KAMAKURA+TOKYO=YOKOHAMA (4050258+58385018+92562=62527838)
FUKUOKA+KOFU+NAGOYA=NIIGATA (8727423+2487+935403=9665313)
FUKUOKA+KOFU+ODAWARA=MORIOKA (1424326+2314+3960686=5387326)
FUKUOKA+KOFU+ODAWARA=TOTTORI (1878376+7318+3469626=5355320)
FUKUOKA+KOFU+OKAYAMA=TOTTORI (4373178+7143+1785808=6166129)
FUKUOKA+KOFU+SAPPORO=KUMAMOTO (4212518+1542+7866535=12080595)
FUKUOKA+KOFU+SAPPORO=ODAWARA (2676473+7426+1355484=4039383)
FUKUOKA+KYOTO+TOKYO=ODAWARA (4979578+71535+35715=5086828)
FUKUOKA+KYOTO+TOYAMA=TOTTORI (8242147+43191+913767=9199105)
FUKUOKA+MORIOKA+URAWA=OKAYAMA (1272475+3460475+26585=4759535)
FUKUOKA+MORIOKA+URAWA=WAKAYAMA (2636530+7598530+69010=10304070)
FUKUOKA+NAGANO+NAGOYA=NIIGATA (3878476+561654+561496=5001626)
FUKUOKA+NAGANO+NAGOYA=OKAYAMA (2838436+765674+765496=4369606)
FUKUOKA+NAGANO+OITA=TOTTORI (3727621+910196+6841=4644658)
FUKUOKA+NAGANO+SAGA=NIIGATA (5808703+632367+1323=6442393)
FUKUOKA+NAGANO+SAGA=SAPPORO (7424520+601065+8010=8033595)
FUKUOKA+NIKKO+TOKYO=NIIGATA (6838531+70335+95325=7004191)
FUKUOKA+ODAWARA+URAWA=KAMAKURA (3717610+6409050+75090=10201750)
FUKUOKA+OITA+OKAYAMA=MORIOKA (6212315+3405+3158595=9374315)
FUKUOKA+OITA+TOTTORI=MORIOKA (3040849+8129+2822871=5871849)
FUKUOKA+OITA+TOYAMA=MORIOKA (3575170+1960+612040=4189170)
FUKUOKA+OSAKA+TOTTORI=KUMAMOTO (9313218+27818+4244206=13585242)
FUKUOKA+OSAKA+TOTTORI=MORIOKA (7010514+53414+2522586=9586514)
FUKUOKA+OSAKA+TOTTORI=SAPPORO (1454752+78252+6766703=8299707)
FUKUOKA+TOKYO+TOTTORI=MORIOKA (8050453+14524+1411476=9476453)
FUKUOKA+TOKYO+WAKAYAMA=KAMAKURA (9767862+38608+52620242=62426712)
FUKUOKA+TOYAMA+YOKOHAMA=YAMAGATA (1292395+634585+43930585=45857565)
GIFU+KYOTO+OITA=NAGOYA (6453+92787+7480=106720)
GIFU+KYOTO+TOKYO=NAGANO (5932+60878+78608=145418)
GIFU+KYOTO+TOKYO=NAGOYA (6509+42787+87427=136723)
GIFU+MITO+TOYAMA=NAGOYA (2481+3459+597030=602970)
GIFU+NAGANO+NIKKO=AOMORI (5290+785876+72446=863612)
GIFU+NAHA+NIKKO=HAKONE (9546+8010+85227=102783)
GIFU+NIIGATA+NIKKO=TOTTORI (7961+4997858+49220=5055039)
GIFU+NIKKO+OSAKA=NAGOYA (9362+13448+87040=109850)
HAKONE+KOBE+NAHA=AOMORI (894023+4063+2989=901075)
HAKONE+KOBE+NIKKO=AOMORI (348056+8076+52880=409012)
HAKONE+KOCHI+NAGANO=NIIGATA (783612+36470+185816=1005898)
HAKONE+KOCHI+NIKKO=AOMORI (459723+97041+21997=578761)
HAKONE+KOCHI+OITA=NAGANO (318640+86935+6571=412146)
HAKONE+KOCHI+OSAKA=SENDAI (397481+74632+45979=518092)
HAKONE+KOFU+NIKKO=FUKUOKA (932786+2710+85227=1020723)
HAKONE+KYOTO+NAGANO=TOYAMA (132975+20989+736379=890343)
HAKONE+KYOTO+NAGOYA=TOYAMA (194327+40353+296309=530989)
HAKONE+KYOTO+OITA=TOYAMA (547208+71262+2964=621434)
HAKONE+MORIOKA+NIKKO=TOTTORI (967210+3258276+18772=4244258)
HAKONE+NAGANO+NARA=MORIOKA (840357+546453+5494=1392304)
HAKONE+NAGANO+NIKKO=SENDAI (328917+126219+15889=471025)
HAKONE+NAGANO+OSAKA=SAPPORO (543986+842489+91434=1477909)
HAKONE+NAGANO+SAGA=SENDAI (309512+108015+4080=421607)
HAKONE+NAGANO+TOKYO=TOYAMA (493725+290927+87317=871969)
HAKONE+NAHA+NARA=SENDAI (297610+1929+1959=301498)
HAKONE+NAHA+NIKKO=AOMORI (236170+7323+74661=318154)
HAKONE+NAHA+OSAKA=NIIGATA (947516+1494+53474=1002484)
HAKONE+NAHA+SENDAI=NAGANO (630489+8363+198532=837384)
HAKONE+NAHA+TOKYO=FUKUOKA (962347+4696+53283=1020326)
HAKONE+NARA+OSAKA=NAGANO (417856+5131+89171=512158)
HAKONE+NARA+TOTTORI=MORIOKA (960378+7616+4344312=5312306)
HAKONE+NIKKO+OITA=AOMORI (786450+52664+4298=843412)
HAKONE+NIKKO+OSAKA=AOMORI (345860+62558+81454=489872)
HAKONE+NIKKO+TOKYO=TOYAMA (574831+39448+68428=682707)
HAKONE+OITA+TOTTORI=MORIOKA (921536+5472+7577504=8504512)
HAKONE+OKAYAMA+YOKOHAMA=YAMAGATA (869254+2963676+32928676=36761606)
HAKONE+OSAKA+SAGA=NIIGATA (926718+74262+4252=1005232)
HAKONE+OSAKA+TOKYO=TOYAMA (267189+15676+31741=314606)
HAKONE+SAGA+SENDAI=NAGANO (381469+2808+296587=680864)
KAMAKURA+KOCHI+MORIOKA=KUMAMOTO (51215431+59607+2937951=54212989)
KAMAKURA+KUMAMOTO+MITO=HIROSHIMA (64746384+63747595+7295=128501274)
KAMAKURA+MORIOKA+NAGANO=NAGASAKI (13931573+9470413+236324=23638310)
KAMAKURA+NIKKO+TOTTORI=KUMAMOTO (32623702+58339+4944908=37626949)
KAMAKURA+OITA+TOTTORI=WAKAYAMA (13631083+4793+9499487=23135363)
KAMAKURA+OKAYAMA+TOKYO=KUMAMOTO (90109720+6905010+86956=97101686)
KANAZAWA+KUMAMOTO+KYOTO=WAKAYAMA (36461676+39868505+32505=76362686)
KANAZAWA+KYOTO+TOKYO=KUMAMOTO (72926242+75818+18758=73020818)
KOBE+KYOTO+NIKKO=TOYAMA (4285+40212+76442=120939)
KOBE+KYOTO+TOYAMA=MATSUE (4817+40858+580262=625937)
KOBE+MATSUE+TSU=TOYAMA (8034+697214+721=705969)
KOBE+NAGANO+NAGOYA=TOYAMA (1496+273724+273487=548707)
KOBE+NAGANO+TOKYO=TOYAMA (6283+470742+52692=529717)
KOBE+NAGOYA+TOKYO=HAKONE (5340+176387+93583=275310)
KOBE+NIKKO+SENDAI=HAKONE (9863+72998+437012=519873)
KOBE+OKAYAMA+TOYAMA=TOTTORI (8145+1896979+216979=2122103)
KOBE+OSAKA+SENDAI=NAGANO (4751+78040+819306=902097)
KOBE+OSAKA+TOKYO=KYOTO (8439+47181+24804=80424)
KOBE+OSAKA+TOYAMA=MATSUE (8461+45080+249030=302571)
KOBE+OTSU+TSU=KYOTO (1862+8493+493=10848)
KOBE+SAGA+SENDAI=NAGANO (2719+5040+596308=604067)
KOCHI+KUMAMOTO+TOTTORI=KAMAKURA (29134+20575969+6966984=27572087)
KOCHI+KYOTO+NAHA=HAKONE (78410+76898+2515=157823)
KOCHI+KYOTO+NAHA=NAGOYA (72438+76292+1535=150265)
KOCHI+KYOTO+OITA=NAGOYA (96534+98676+6470=201680)
KOCHI+KYOTO+TOKYO=HAKONE (87120+83797+97837=268754)
KOCHI+KYOTO+TOKYO=NAGANO (56724+50686+86506=193916)
KOCHI+KYOTO+TOKYO=NAGOYA (87156+84737+37847=209740)
KOCHI+MITO+NAHA=HAKONE (95312+8245+6010=109567)
KOCHI+MITO+NIKKO=TOKYO (74286+3694+16774=94754)
KOCHI+MITO+NIKKO=TOYAMA (34528+7814+98334=140676)
KOCHI+MITO+OSAKA=TOYAMA (94376+8614+42090=145080)
KOCHI+NAGANO+NAGOYA=HAKONE (85796+421245+421502=928543)
KOCHI+NAGANO+NAGOYA=OKAYAMA (31859+670761+670127=1372747)
KOCHI+NAGANO+NARA=HAKONE (94371+658564+6525=759460)
KOCHI+NAHA+OSAKA=NAGANO (57683+1282+70252=129217)
KOCHI+NIKKO+OITA=TOKYO (73286+16773+3694=93753)
KOCHI+NIKKO+OSAKA=AKITA (52368+18552+24959=95879)
KOCHI+NIKKO+SAGA=NAGOYA (84576+16884+2030=103490)
KOCHI+NIKKO+TOKYO=HAKONE (63019+29663+83643=176325)
KOCHI+OITA+OSAKA=HAKONE (57618+7823+70353=135794)
KOCHI+OITA+TOKYO=HAKONE (72014+2463+62782=137259)
KOCHI+OITA+TOKYO=NAGOYA (57803+7396+97547=162746)
KOCHI+OKAYAMA+WAKAYAMA=YOKOHAMA (87041+7893959+29893959=37874959)
KOCHI+OSAKA+SAGA=NAGANO (47693+75242+5282=128217)
KOCHI+OSAKA+TOKYO=CHIBA (12758+20919+42162=75839)
KOCHI+OSAKA+TOKYO=TOYAMA (86094+62787+16856=165737)
KOCHI+OSAKA+ZUSHI=NIKKO (12398+20616+45098=78112)
KOCHI+TOKYO+TOYAMA=AOMORI (32016+72342+724898=829256)
KOFU+KYOTO+NIKKO=TOYAMA (4285+40212+76442=120939)
KOFU+KYOTO+TOKYO=HAKONE (6249+67282+82672=156203)
KOFU+KYOTO+TSU=MATSUE (9257+94232+387=103876)
KOFU+MATSUE+OSAKA=TOYAMA (5106+293864+18959=317929)
KOFU+NAGANO+NAGOYA=TOYAMA (1496+273724+273487=548707)
KOFU+NAGANO+TOKYO=TOYAMA (6283+470742+52692=529717)
KOFU+NAGANO+TOTTORI=FUKUOKA (2150+873781+4144196=5020127)
KOFU+OKAYAMA+TOYAMA=TOTTORI (8145+1896979+216979=2122103)
KOFU+OSAKA+TOKYO=KYOTO (8439+47181+24804=80424)
KOFU+OSAKA+TOYAMA=MATSUE (1820+83717+589767=675304)
KOFU+SAPPORO+TOTTORI=FUKUOKA (5490+7633484+1411482=9050456)
KOFU+TOKYO+TOYAMA=MATSUE (4352+73493+739181=817026)
KUMAMOTO+KYOTO+MATSUE=KAMAKURA (25969383+24383+968750=26962516)
KUMAMOTO+KYOTO+MORIOKA=MIYAZAKI (27393646+20646+3681629=31095921)
KUMAMOTO+MATSUE+MORIOKA=KAMAKURA (51797232+793618+7204259=59795109)
KUMAMOTO+MATSUE+SAPPORO=KAMAKURA (30727989+728104+1266959=32723052)
KUMAMOTO+MATSUE+TOKYO=KAMAKURA (31929767+926018+67357=32923142)
KUMAMOTO+MORIOKA+OITA=YAMAGATA (53717949+7982951+9241=61710141)
KUMAMOTO+OKAYAMA+TSU=MIYAZAKI (26303818+8205030+176=34509024)
KUMAMOTO+OSAKA+OTSU=KANAZAWA (72939818+86373+8162=73034353)
KUMAMOTO+TOKUSHIMA+TSU=TAKAMATSU (19767424+241908576+209=261676209)
KYOTO+MITO+NAGOYA=TOYAMA (35080+1480+769056=805616)
KYOTO+MITO+NIKKO=HAKONE (60959+2359+83669=146987)
KYOTO+MITO+OITA=NAGOYA (92575+8475+5470=106520)
KYOTO+MITO+TOKYO=FUKUI (28757+4157+57287=90201)
KYOTO+MITO+TSU=TOKYO (14323+8523+297=23143)
KYOTO+NAGANO+NAGOYA=FUKUOKA (57020+698960+698079=1454059)
KYOTO+NAGANO+OTSU=TOYAMA (31262+587852+2694=621808)
KYOTO+NAGANO+TOKYO=AOMORI (50676+342436+76506=469618)
KYOTO+NAGOYA+NAHA=HAKONE (98707+426782+4252=529741)
KYOTO+NAGOYA+TOYAMA=HAKONE (78232+160286+328696=567214)
KYOTO+NARA+TOKYO=HAKONE (68454+3292+54684=126430)
KYOTO+NIKKO+OITA=AOMORI (48232+75442+2531=126205)
KYOTO+NIKKO+OTSU=TOYAMA (75616+83776+6102=165494)
KYOTO+NIKKO+TOKYO=NAGANO (30575+18335+75305=124215)
KYOTO+NIKKO+TOKYO=SENDAI (91636+78996+36916=207548)
KYOTO+NIKKO+TOYAMA=AOMORI (34252+70332+524696=629280)
KYOTO+NIKKO+TSU=TOYAMA (56212+70552+134=126898)
KYOTO+ODAWARA+OITA=OKAYAMA (91676+6843454+6274=6941404)
KYOTO+ODAWARA+WAKAYAMA=KAMAKURA (85969+9417101+71815131=81318201)
KYOTO+OITA+OKAYAMA=ODAWARA (87626+6324+6847454=6941404)
KYOTO+OITA+OSAKA=MATSUE (68575+5472+53262=127309)
KYOTO+OITA+OSAKA=NAGOYA (34858+8752+86232=129842)
KYOTO+OITA+TOKYO=MATSUE (80636+6532+36806=123974)
KYOTO+OITA+TSU=NAGOYA (98676+6270+734=105680)
KYOTO+OKAYAMA+TOTTORI=MORIOKA (91434+4951585+3433476=8476495)
KYOTO+OSAKA+SAGA=MATSUE (70696+64373+4383=139452)
KYOTO+OSAKA+SAGA=NAGOYA (72656+68474+8494=149624)
KYOTO+OSAKA+TOKYO=CHIBA (32515+50636+15325=98476)
KYOTO+OSAKA+TOKYO=NAGANO (32656+60434+56326=149416)
KYOTO+OSAKA+TOYAMA=HAKONE (78353+30474+538494=647321)
KYOTO+OSAKA+TSU=MATSUE (90484+47393+875=138752)
KYOTO+OSAKA+TSU=NAGANO (90353+36292+568=127213)
KYOTO+OTSU+TOKYO=HAKONE (25373+3768+73253=102394)
KYOTO+OTSU+TOKYO=NAGOYA (62838+8354+38628=109820)
KYOTO+OTSU+TOYAMA=MATSUE (98525+5240+258636=362401)
KYOTO+OTSU+TSU=NAGANO (94767+7625+625=103017)
KYOTO+SAGA+TOKYO=HAKONE (52383+9464+83523=145370)
KYOTO+SAGA+TOYAMA=NAGANO (98414+6535+148575=253524)
KYOTO+SAGA+TSU=URAWA (74262+5393+658=80313)
KYOTO+TOKYO+URAWA=NAGANO (28636+36286+75494=140416)
KYOTO+TOKYO+ZUSHI=NIKKO (10626+26106+57384=94116)
KYOTO+TOKYO+ZUSHI=OSAKA (47818+18478+20653=86949)
KYOTO+TOTTORI+TOYAMA=SAPPORO (46828+2822809+286171=3155808)
KYOTO+TOYAMA+TSU=MATSUE (60818+180424+137=241379)
MATSUE+MITO+NARA=AOMORI (897625+8470+1939=908034)
MATSUE+MITO+SAPPORO=TOTTORI (769805+7193+8622343=9399341)
MATSUE+NAGOYA+SAGA=TOYAMA (248976+543014+9434=801424)
MATSUE+OITA+TOYAMA=AOMORI (285430+9658+597828=892916)
MATSUE+OKAYAMA+TOYAMA=FUKUOKA (184902+5387818+457818=6030538)
MATSUE+OSAKA+OTSU=TOYAMA (697328+43909+4732=745969)
MATSUE+OTSU+TOKYO=TOYAMA (283970+1397+31461=316828)
MATSUE+OTSU+TOYAMA=AOMORI (197568+2756+720919=921243)
MATSUE+OTSU+TOYAMA=NAGOYA (105346+8534+589010=702890)
MATSUE+OTSU+TSU=SENDAI (493580+7358+358=501296)
MATSUE+SAGA+SENDAI=NIIGATA (739408+4353+481632=1225393)
MATSUE+SAGA+TOYAMA=NAGANO (375246+2797+501737=879780)
MATSUE+TOTTORI+TSU=MORIOKA (948152+8688637+815=9637604)
MATSUE+TOYAMA+TSU=NAGOYA (245037+596424+503=841964)
MITO+MIYAZAKI+TOTTORI=YOKOHAMA (3910+39487859+1011069=40502838)
MITO+MORIOKA+ODAWARA=TOTTORI (2341+2173156+1968676=4144173)
MITO+MORIOKA+OSAKA=FUKUOKA (4869+4928931+97131=5030931)
MITO+NAGANO+NIKKO=TOYAMA (8471+639361+64551=712383)
MITO+NAGANO+SAGA=TOYAMA (6150+487840+9878=503868)
MITO+NAGANO+TOKYO=AOMORI (7341+568651+41201=617193)
MITO+NAGOYA+TOKYO=AOMORI (2173+456305+73903=532381)
MITO+NAGOYA+TOTTORI=MORIOKA (6357+941724+5755703=6703784)
MITO+NIKKO+TOKYO=NAGANO (6285+12335+85395=104015)
MITO+OITA+OSAKA=SENDAI (6529+9523+91383=107435)
MITO+OITA+TOKYO=HAKONE (7893+3890+93543=105326)
MITO+OKAYAMA+TOTTORI=MORIOKA (9327+7051595+2722783=9783705)
MITO+OKAYAMA+TOYAMA=ODAWARA (9618+8327292+187292=8524202)
MITO+OSAKA+OTSU=MATSUE (1869+95020+9654=106543)
MITO+OSAKA+TOKYO=NAGANO (2386+60454+86576=149416)
MITO+OTSU+TSU=OSAKA (8931+1307+307=10545)
MITO+SAPPORO+TOTTORI=NIIGATA (5273+1844303+7377302=9226878)
MITO+TOKYO+TOTTORI=SAPPORO (7159+59849+5955931=6022939)
MIYAZAKI+MORIOKA+TOTTORI=WAKAYAMA (15809075+1465470+3433465=20708010)
MIYAZAKI+NAGASAKI+SAGA=WAKAYAMA (10294980+69593980+3959=79892919)
MORIOKA+NAGANO+OITA=TOTTORI (2541508+986895+5138=3533541)
MORIOKA+NAGANO+SAGA=SAPPORO (4869810+203028+5030=5077868)
MORIOKA+NAGANO+TOKYO=TOTTORI (7240236+965692+82312=8288240)
MORIOKA+NAGOYA+NIKKO=NIIGATA (4380317+572367+50113=5002797)
MORIOKA+NAGOYA+OKAYAMA=YAMAGATA (4598520+603510+5201040=10403070)
MORIOKA+NAGOYA+TOKYO=TOTTORI (6521548+980538+75435=7577521)
MORIOKA+NAGOYA+TOTTORI=OKAYAMA (2584506+967536+1511584=5063626)
MORIOKA+NAHA+YOKOHAMA=MIYAZAKI (9746702+5212+87071292=96823206)
MORIOKA+NARA+TOYAMA=NIIGATA (1493475+2595+840515=2336585)
MORIOKA+NIIGATA+TOTTORI=KAMAKURA (5024016+3449686+8088024=16561726)
MORIOKA+NIIGATA+TOYAMA=YAMAGATA (3928970+5886040+491030=10306040)
MORIOKA+NIKKO+TOTTORI=OKAYAMA (5763749+23447+1711763=7498959)
MORIOKA+OITA+OSAKA=FUKUOKA (2974985+9415+96585=3080985)
MORIOKA+OKAYAMA+TOTTORI=KUMAMOTO (9846821+8217191+5855846=23919858)
MORIOKA+OKAYAMA+TOYAMA=KAMAKURA (7359310+3106070+236070=10701450)
MORIOKA+OSAKA+OTSU=OKAYAMA (8935904+97404+9176=9042484)
MORIOKA+OSAKA+TOKYO=SAPPORO (2914980+93080+69859=3077919)
MORIOKA+OSAKA+TOTTORI=FUKUOKA (1798702+74202+3733798=5606702)
MORIOKA+OSAKA+TOTTORI=SAPPORO (1690653+64353+2622690=4377696)
MORIOKA+OTSU+TOKYO=OKAYAMA (8976903+9421+49059=9035383)
MORIOKA+TOKYO+TOTTORI=FUKUOKA (5604638+16396+1611604=7232638)
MORIOKA+TOKYO+TOYAMA=NIIGATA (5803812+48178+487252=6339242)
MORIOKA+TOTTORI+TSU=FUKUOKA (1608647+3633608+392=5242647)
MORIOKA+TOTTORI+TSU=OKAYAMA (1386370+2322386+254=3709010)
NAGANO+NAGASAKI+NIIGATA=KUMAMOTO (470742+47076753+4330797=51878292)
NAGANO+NAGOYA+NIKKO=SAPPORO (762674+762486+75334=1600494)
NAGANO+NAGOYA+NIKKO=SENDAI (319132+319281+35002=673415)
NAGANO+NAGOYA+ODAWARA=OKAYAMA (148416+148604+6243474=6540494)
NAGANO+NAGOYA+OITA=TOYAMA (368634+368416+4576=741626)
NAGANO+NAGOYA+OKAYAMA=ODAWARA (247426+247654+6345414=6840494)
NAGANO+NAGOYA+OKAYAMA=TOTTORI (742471+742184+1648454=3133109)
NAGANO+NAGOYA+SAGA=SENDAI (297925+297589+6979=602493)
NAGANO+NAGOYA+TOKYO=FUKUOKA (820285+820542+35745=1676572)
NAGANO+NAGOYA+TOKYO=TOYAMA (183810+183078+40970=407858)
NAGANO+NAGOYA+TOYAMA=FUKUOKA (841486+841674+367494=2050654)
NAGANO+NAGOYA+TOYAMA=ODAWARA (492941+492109+710939=1695989)
NAGANO+NAGOYA+TSU=OKAYAMA (702071+702150+839=1405060)
NAGANO+NAHA+NIKKO=SENDAI (824287+8232+86007=918526)
NAGANO+NAHA+TOKYO=TOYAMA (761675+7606+85345=854626)
NAGANO+NARA+NIKKO=SENDAI (824287+8232+86007=918526)
NAGANO+NARA+SAPPORO=OKAYAMA (632365+6373+4399575=5038313)
NAGANO+NARA+TOKYO=TOYAMA (761675+7606+85345=854626)
NAGANO+NIIGATA+NIKKO=FUKUOKA (492940+4772969+47110=5313019)
NAGANO+NIIGATA+NIKKO=OKAYAMA (490945+4660929+46115=5197989)
NAGANO+NIIGATA+OKAYAMA=MORIOKA (476743+4556797+3271787=8305327)
NAGANO+NIIGATA+TOKYO=TOTTORI (431342+4771353+52602=5255297)
NAGANO+NIIGATA+TOTTORI=MORIOKA (107012+1887040+4244238=6238290)
NAGANO+NIIGATA+TSU=TOTTORI (824285+8774292+960=9599537)
NAGANO+NIKKO+OITA=SENDAI (574751+59221+1907=635879)
NAGANO+NIKKO+SENDAI=HAKONE (461649+47229+354067=862945)
NAGANO+NIKKO+TOKYO=AOMORI (796971+73551+41581=912103)
NAGANO+NIKKO+TOTTORI=MORIOKA (896987+85007+3733715=4715709)
NAGANO+NIKKO+TOTTORI=OKAYAMA (294928+23118+7877863=8195909)
NAGANO+NIKKO+URAWA=AOMORI (570751+59661+83727=714139)
NAGANO+OITA+OTSU=SENDAI (186817+7438+7329=201584)
NAGANO+OITA+SAGA=SENDAI (693964+4289+7939=706192)
NAGANO+OTSU+TOKYO=TOYAMA (735372+2869+82102=820343)
NAGANO+SAGA+SENDAI=AOMORI (269624+3696+372160=645480)
NAGANO+SAGA+SENDAI=TOTTORI (867684+5676+538069=1411429)
NAGANO+SAGA+TOYAMA=MATSUE (620269+7202+194282=821753)
NAGANO+SAGA+TOYAMA=SAPPORO (659567+1595+872545=1533707)
NAGANO+TOKYO+TOYAMA=AOMORI (576758+18298+189747=784803)
NAGANO+TOKYO+TSU=TOYAMA (752573+83163+809=836545)
NAGOYA+NAHA+TOKYO=HAKONE (765046+7686+90340=863072)
NAGOYA+NAHA+TOKYO=TOYAMA (381278+3858+42672=427808)
NAGOYA+NAHA+TOYAMA=HAKONE (143954+1484+695474=840912)
NAGOYA+NARA+OKAYAMA=MORIOKA (609420+6010+4802050=5417480)
NAGOYA+NARA+TOKYO=AOMORI (230153+2393+81651=314197)
NAGOYA+NARA+TOKYO=TOYAMA (381278+3858+42672=427808)
NAGOYA+NARA+TOTTORI=MORIOKA (978217+9747+5255243=6243207)
NAGOYA+NARA+URAWA=TOYAMA (651485+6505+90535=748525)
NAGOYA+NIIGATA+NIKKO=OKAYAMA (720842+7330292+73118=8124252)
NAGOYA+NIIGATA+NIKKO=TOTTORI (761396+7551686+75223=8388305)
NAGOYA+NIIGATA+SAGA=OKAYAMA (259365+2889545+7595=3156505)
NAGOYA+ODAWARA+TOTTORI=NIIGATA (927502+5426212+3533518=9887232)
NAGOYA+OITA+TOKYO=AOMORI (346254+2074+72952=421280)
NAGOYA+OITA+TOKYO=FUKUOKA (985248+2378+72642=1060268)
NAGOYA+OITA+TOYAMA=MORIOKA (758325+3465+632515=1394305)
NAGOYA+OKAYAMA+TOKYO=FUKUOKA (325862+8726242+18768=9070872)
NAGOYA+OKAYAMA+YAMAGATA=KANAZAWA (701950+9605040+50401030=60708020)
NAGOYA+OTSU+TOYAMA=MATSUE (180948+9536+594878=785362)
NAGOYA+SAGA+TOKYO=FUKUOKA (968426+7686+54324=1030436)
NAGOYA+SAGA+TOKYO=HAKONE (130853+7303+98658=236814)
NAGOYA+SAGA+TOKYO=TOYAMA (381298+5818+42692=429808)
NAGOYA+TOKYO+TOYAMA=AOMORI (579467+14264+146707=740438)
NAGOYA+TOKYO+TOYAMA=FUKUOKA (385268+92062+926878=1404208)
NAGOYA+TOKYO+TOYAMA=HAKONE (371467+54264+546707=972438)
NAGOYA+TOYAMA+TSU=MATSUE (215971+397161+348=613480)
NAHA+OKAYAMA+TOYAMA=FUKUOKA (5060+2408090+728090=3141240)
NAHA+OKAYAMA+WAKAYAMA=KAMAKURA (4030+9802060+70802060=80608150)
NAHA+OTSU+ZUSHI=NAGANO (1020+5367+97628=104015)
NAHA+SENDAI+TSU=MATSUE (8050+198403+716=207169)
NAHA+WAKAYAMA+YOKOHAMA=KANAZAWA (7505+35854515+49890515=85752535)
NARA+NIIGATA+SENDAI=TOTTORI (3575+3226545+813952=4044072)
NARA+NIKKO+SENDAI=HAKONE (9525+93116+749053=851694)
NARA+NIKKO+URAWA=HAKONE (5202+53994+70262=129458)
NARA+ODAWARA+TOKYO=OKAYAMA (5232+8620232+98748=8724212)
NARA+ODAWARA+URAWA=NIIGATA (7535+6951535+43515=7002585)
NARA+OKAYAMA+TOYAMA=FUKUOKA (5060+2408090+728090=3141240)
NARA+OSAKA+URAWA=HAKONE (6484+35404+98474=140362)
NARA+SENDAI+TOTTORI=ODAWARA (9828+719380+5655620=6384828)
NARA+SENDAI+TSU=MATSUE (8050+198403+716=207169)
NIIGATA+OITA+SENDAI=TOTTORI (5447060+3460+915804=6366324)
NIIGATA+SAGA+SENDAI=TOTTORI (8775090+6050+618207=9399347)
NIKKO+OITA+OSAKA=HAKONE (35009+9524+96404=140937)
NIKKO+OITA+SENDAI=NAGANO (97004+4753+829637=931394)
NIKKO+OITA+TOKYO=SENDAI (46778+8690+98738=154206)
NIKKO+OITA+TOYAMA=HAKONE (81007+7146+472636=560789)
NIKKO+OKAYAMA+TOTTORI=KUMAMOTO (42117+7180898+6766752=13989767)
NIKKO+OKAYAMA+TOTTORI=MORIOKA (67993+3905080+4344317=8317390)
NIKKO+OSAKA+OTSU=HAKONE (42775+59070+5698=107543)
NIKKO+OSAKA+SAGA=HAKONE (95226+68727+8737=172690)
NIKKO+OSAKA+SAGA=NAGANO (16887+79080+9050=105017)
NIKKO+OSAKA+SAGA=SENDAI (84992+21696+1676=108364)
NIKKO+OSAKA+SENDAI=HAKONE (51997+72696+245061=369754)
NIKKO+OSAKA+TOKYO=AKITA (18445+50949+25435=94829)
NIKKO+OSAKA+TSU=SENDAI (87006+61202+319=148527)
NIKKO+OTSU+TSU=MATSUE (97228+8653+653=106534)
NIKKO+SAGA+TOYAMA=NAGOYA (60997+1343+572383=634723)
NIKKO+SAGA+ZUSHI=NAGANO (18334+6202+95678=120214)
NIKKO+TOKYO+TOYAMA=NAGANO (89007+67057+675323=831387)
ODAWARA+OITA+TOTTORI=SAPPORO (2130343+2653+5255246=7388242)
ODAWARA+OKAYAMA+WAKAYAMA=YAMAGATA (4902050+4603010+20603010=30108070)
ODAWARA+OSAKA+TOKYO=SAPPORO (4902080+45030+64374=5011484)
ODAWARA+OTSU+SAPPORO=TOTTORI (2653595+2410+1588292=4244297)
ODAWARA+TOTTORI+URAWA=FUKUOKA (5741494+2522596+39414=8303504)
OITA+OKAYAMA+TOTTORI=SAPPORO (2653+2130343+5255296=7388292)
OITA+OKAYAMA+TOYAMA=MORIOKA (1085+1354525+814525=2170135)
OITA+OSAKA+TOKYO=SENDAI (9724+91464+29659=130847)
OITA+OTSU+SAPPORO=NIIGATA (7019+7153+5988747=6002919)
OITA+SENDAI+TSU=NAGANO (5310+798603+172=804085)
OKAYAMA+OSAKA+TOYAMA=FUKUOKA (1408050+17040+918050=2343140)
OKAYAMA+OSAKA+TOYAMA=NIIGATA (5204030+59020+854030=6117080)
OKAYAMA+OSAKA+WAKAYAMA=KAMAKURA (9604030+98060+50604030=60306120)
OKAYAMA+OTSU+TOTTORI=MORIOKA (1057545+1368+3133192=4192105)
OKAYAMA+OTSU+TOYAMA=SAPPORO (5437323+5869+857323=6300515)
OKAYAMA+OTSU+WAKAYAMA=KAMAKURA (9587818+9602+48587818=58185238)
OKAYAMA+SAGA+TOYAMA=FUKUOKA (2408090+5060+728090=3141240)
OKAYAMA+SAGA+WAKAYAMA=KAMAKURA (9802060+4030+70802060=80608150)
OKAYAMA+TAKAMATSU+TSU=TOKUSHIMA (9183868+481868450+450=491052768)
OKAYAMA+TOKYO+TOTTORI=SAPPORO (2813161+42832+4244259=7100252)
OKAYAMA+TOKYO+TOYAMA=FUKUOKA (4063686+94034+943686=5101406)
OKAYAMA+TOKYO+TOYAMA=SAPPORO (6403090+56436+563090=7022616)
OKAYAMA+TOKYO+TOYAMA=TOTTORI (6835393+76856+765393=7677642)
OKAYAMA+TOTTORI+URAWA=MORIOKA (7045484+1711796+39424=8796704)
OKAYAMA+TOYAMA+WAKAYAMA=MIYAZAKI (6540484+960484+74540484=82041452)
OKAYAMA+TOYAMA+YAMAGATA=KAMAKURA (9403060+593060+30608050=40604170)
OKAYAMA+TOYAMA+YAMAGATA=KANAZAWA (9504020+394020+40208030=50106070)
OSAKA+OTSU+TOKYO=AOMORI (57141+5970+95425=158536)
OSAKA+OTSU+TOKYO=NAGANO (79252+7398+37567=124217)
OSAKA+OTSU+TOYAMA=MATSUE (56171+5368+352141=413680)
OSAKA+OTSU+TSU=NAGOYA (97030+9475+475=106980)
OSAKA+OTSU+TSU=TOKYO (49020+4597+597=54214)
OSAKA+SAGA+SENDAI=HAKONE (91484+1434+156047=248965)
OSAKA+TOKYO+TSU=HAKONE (58343+75465+782=134590)
OSAKA+TOKYO+TSU=NAGANO (80343+58468+507=139318)
OSAKA+TOKYO+ZUSHI=KYOTO (50494+15935+27086=93515)
OSAKA+TOYAMA+TSU=AOMORI (98313+297353+280=395946)
OTSU+SAPPORO+TOTTORI=FUKUOKA (6419+1288606+4644607=5939632)
OTSU+TOYAMA+YOKOHAMA=YAMAGATA (1748+713262+31910262=32625272)
OTSU+TSU+URAWA=NAGANO (8479+479+93060=102018)
OTSU+TSU+ZUSHI=NAGANO (6837+837+97342=105016)
SAGA+TOKYO+TOYAMA=MATSUE (2151+74904+740181=817236)
TOKYO+TOTTORI+TOYAMA=ODAWARA (56396+5655674+569808=6281878)
629 unique-solution puzzles found (403723 puzzles examined)
Total time = 326080 msec.
