##### fcrypt -d -n 2..3 words/colors.txt
##### 19 words were found
##### Search 2 words addition
Cryptarithmetic Puzzle Solver by N. Tamura (type help for help)
BLACK+GREEN=ORANGE (79208+53446=132654)
BROWN+PINK=IVORY (83257+6974=90231)
BROWN+YELLOW=PURPLE (52813+649981=702794)
GREEN+IVORY=ORANGE (62334+58129=120463)
IVORY+PURPLE=VIOLET (28346+794705=823051)
SILVER+VIOLET=PURPLE (657139+152734=809873)
6 unique-solution puzzles found (1490 puzzles examined)
Total time = 1100 msec.
##### Search 3 words addition
Cryptarithmetic Puzzle Solver by N. Tamura (type help for help)
BLUE+BROWN+YELLOW=PURPLE (6425+63019+754401=823845)
BLUE+GREEN+PINK=PURPLE (8205+97556+1364=107125)
BROWN+CYAN+GRAY=ORANGE (90136+4526+8025=102687)
BROWN+GOLD+GREEN=YELLOW (67308+5394+57228=129930)
BROWN+GRAY+GREEN=YELLOW (48273+9801+98553=156627)
BROWN+GRAY+MAROON=ORANGE (53749+1382+683779=738910)
BROWN+MAROON+ORANGE=MAGENTA (32987+102997+920756=1056740)
CYAN+GRAY+ORANGE=YELLOW (3284+5982+198450=207716)
CYAN+GREEN+MAROON=ORANGE (6783+20993+480553=508329)
CYAN+GREEN+ORANGE=YELLOW (9254+63004+135460=207718)
CYAN+GREEN+YELLOW=ORANGE (7816+50446+843392=901654)
GOLD+GREEN+MAROON=ORANGE (7960+73221+853991=935172)
GOLD+ORANGE+RED=YELLOW (6712+793560+902=801174)
GRAY+GREEN+MAROON=YELLOW (7452+74339+154889=236680)
GRAY+GREEN+ORANGE=PURPLE (6547+65003+854360=925910)
GRAY+IVORY+MAROON=ORANGE (2138+79618+531664=613420)
GRAY+MAROON+ORANGE=YELLOW (7928+129664+692473=830065)
GRAY+ORANGE+YELLOW=MAROON (1893+289710+306624=598227)
GREEN+IVORY+MAROON=ORANGE (95663+12850+745883=854396)
GREEN+MAROON+PINK=ORANGE (20771+380441+6915=408127)
GREEN+MAROON+PURPLE=ORANGE (49110+389660+259271=698041)
GREEN+ORANGE+RED=YELLOW (54009+648950+402=703361)
22 unique-solution puzzles found (6790 puzzles examined)
Total time = 5910 msec.
