##### ncrypt -l eg -n 2..5 
##### Search 2 words addition
Cryptarithmetic Puzzle Solver by N. Tamura (type help for help)
0 unique-solution puzzles found (158 puzzles examined)
Total time = 30 msec.
##### Search 3 words addition
Cryptarithmetic Puzzle Solver by N. Tamura (type help for help)
SIX+SEVEN+SEVEN=TWENTY (650+68782+68782=138214)
TEN+TEN+FORTY=SIXTY (850+850+29786=31486)
2 unique-solution puzzles found (649 puzzles examined)
Total time = 330 msec.
##### Search 4 words addition
Cryptarithmetic Puzzle Solver by N. Tamura (type help for help)
ZERO+ZERO+THIRTY+FIFTY=EIGHTY (3245+3245+176410+86810=269710)
ZERO+ZERO+FORTY+FIFTY=NINETY (3759+3759+69582+64682=141782)
ZERO+TEN+FORTY+FORTY=NINETY (7986+291+46823+46823=101923)
ONE+NINE+TWENTY+FIFTY=EIGHTY (984+8584+364832+75732=450132)
THREE+THREE+THREE+ELEVEN=TWENTY (73544+73544+73544+494046=714678)
FIVE+FIVE+NINE+ELEVEN=THIRTY (4027+4027+5057+797275=810386)
FIVE+FIVE+THIRTY+FORTY=EIGHTY (3059+3059+860782+34782=901682)
FIVE+FIVE+THIRTY+FIFTY=NINETY (9371+9371+523458+93958=636158)
SIX+EIGHT+EIGHT+EIGHT=THIRTY (842+64391+64391+64391=194015)
SEVEN+SEVEN+SEVEN+NINE=THIRTY (49793+49793+49793+3239=152618)
TWENTY+TWENTY+THIRTY+THIRTY=HUNDRED (407543+407543+418943+418943=1652972)
11 unique-solution puzzles found (2655 puzzles examined)
Total time = 1020 msec.
##### Search 5 words addition
Cryptarithmetic Puzzle Solver by N. Tamura (type help for help)
ZERO+ZERO+ZERO+THIRTY+FIFTY=EIGHTY (8517+8517+8517+432149+62649=520349)
ZERO+ZERO+ZERO+FORTY+FIFTY=NINETY (8702+8702+8702+52094+53594=131794)
ZERO+ZERO+TEN+THIRTY+FIFTY=NINETY (6309+6309+435+481047+21247=515347)
ZERO+ONE+NINE+FORTY+FORTY=NINETY (8345+513+1613+75429+75429=161329)
ZERO+TWO+THREE+THREE+THREE=ELEVEN (5108+478+42011+42011+42011=131619)
ZERO+FIVE+FIVE+FORTY+FORTY=NINETY (9670+5246+5246+50738+50738=121638)
ZERO+TEN+TWENTY+THIRTY+THIRTY=NINETY (7958+296+209623+214523+214523=646923)
ONE+ONE+TWO+EIGHT+EIGHT=TWENTY (485+485+104+52371+52371=105816)
ONE+ONE+EIGHT+THIRTY+FORTY=EIGHTY (602+602+24781+184915+36915=247815)
ONE+TWO+TWO+THREE+THREE=ELEVEN (391+803+803+84611+84611=171219)
ONE+TWO+THREE+THREE+ELEVEN=TWENTY (651+236+29811+29811+171015=231524)
ONE+TWO+FIVE+FIVE+SEVEN=TWENTY (725+107+9365+9365+85652=105214)
ONE+NINE+TWENTY+TWENTY+FORTY=NINETY (561+6861+301639+301639+75439=686139)
ONE+NINE+TWENTY+THIRTY+THIRTY=NINETY (934+3734+154316+107216+107216=373416)
TWO+TWO+TWO+SEVEN+SEVEN=TWENTY (165+165+165+80209+80209=160913)
TWO+TWO+EIGHT+EIGHT+SIXTY=EIGHTY (793+793+10257+10257+80476=102576)
TWO+FOUR+FOUR+FORTY+FORTY=NINETY (841+9137+9137+91785+91785=202685)
TWO+EIGHT+TWENTY+TWENTY+THIRTY=EIGHTY (218+75642+217320+217320+245920=756420)
THREE+THREE+FOUR+THIRTY+FIFTY=NINETY (21400+21400+8974+215426+85826=353026)
THREE+FIVE+FIVE+SEVEN+TEN=THIRTY (12588+6478+6478+98783+183=124510)
THREE+SEVEN+TEN+TWENTY+THIRTY=SEVENTY (86577+17970+870+827083+864583=1797083)
THREE+SEVEN+FIFTEEN+FIFTEEN+THIRTY=SEVENTY (50922+42326+1815226+1815226+508957=4232657)
FIVE+FIVE+FIFTEEN+FIFTEEN+THIRTY=SEVENTY (2831+2831+2824119+2824119+478045=6131945)
FIVE+FIVE+TWENTY+TWENTY+FORTY=NINETY (5038+5038+168412+168412+57912=404812)
FIVE+NINE+SIXTEEN+TWENTY+TWENTY=SEVENTY (9085+3035+1042553+265327+265327=1585327)
FIVE+TEN+FIFTEEN+TWENTY+TWENTY=SEVENTY (2749+695+2726995+609561+609561=3949561)
SEVEN+ELEVEN+ELEVEN+ELEVEN+THIRTY=SEVENTY (12925+272925+272925+272925+460843=1292543)
TEN+TEN+TWENTY+TWENTY+TWENTY=EIGHTY (134+134+123416+123416+123416=370516)
TEN+TEN+TWENTY+TWENTY+THIRTY=NINETY (134+134+183416+183416+107216=474316)
29 unique-solution puzzles found (10947 puzzles examined)
Total time = 3160 msec.
##### ncrypt -l eg -d -n 6..10 
##### Search 6 words addition
Cryptarithmetic Puzzle Solver by N. Tamura (type help for help)
FIVE+SEVEN+ELEVEN+TWELVE+FIFTEEN+TWENTY=SEVENTY (3209+59094+969094+819609+3238994+819487=5909487)
SIX+SEVEN+NINE+TWELVE+SIXTEEN+TWENTY=SEVENTY (730+76964+4346+156296+7301664+156418=7696418)
2 unique-solution puzzles found (8280 puzzles examined)
Total time = 640 msec.
##### Search 7 words addition
Cryptarithmetic Puzzle Solver by N. Tamura (type help for help)
ONE+TWO+FIVE+NINE+ELEVEN+TWELVE+FIFTY=NINETY (375+183+2605+7675+545057+185405+26219=767519)
1 unique-solution puzzles found (14513 puzzles examined)
Total time = 820 msec.
##### Search 8 words addition
Cryptarithmetic Puzzle Solver by N. Tamura (type help for help)
0 unique-solution puzzles found (18804 puzzles examined)
Total time = 710 msec.
##### Search 9 words addition
Cryptarithmetic Puzzle Solver by N. Tamura (type help for help)
0 unique-solution puzzles found (17293 puzzles examined)
Total time = 520 msec.
##### Search 10 words addition
Cryptarithmetic Puzzle Solver by N. Tamura (type help for help)
0 unique-solution puzzles found (10492 puzzles examined)
Total time = 400 msec.
