##### ncrypt -l es -n 2..5 
##### Search 2 words addition
Cryptarithmetic Puzzle Solver by N. Tamura (type help for help)
0 unique-solution puzzles found (158 puzzles examined)
Total time = 40 msec.
##### Search 3 words addition
Cryptarithmetic Puzzle Solver by N. Tamura (type help for help)
CERO+SEIS+SIETE=TRECE (8027+3013+31040=42080)
DOS+DOS+TRES=SIETE (581+581+9231=10393)
SEIS+CATORCE+SETENTA=NOVENTA (3753+4906247+3707809=8617809)
3 unique-solution puzzles found (649 puzzles examined)
Total time = 610 msec.
##### Search 4 words addition
Cryptarithmetic Puzzle Solver by N. Tamura (type help for help)
CERO+CERO+CINCO+QUINCE=VEINTE (5610+5610+58750+398756=468726)
CERO+CERO+SEIS+NUEVE=QUINCE (5728+5728+4764+90737=106957)
UNO+UNO+NUEVE+NUEVE=VEINTE (287+287+82616+82616=165806)
UNO+CINCO+CINCO+NUEVE=VEINTE (390+85980+85980+93626=265976)
TRES+TRES+CATORCE+SETENTA=NOVENTA (4681+4681+3240638+1848542=5098542)
CUATRO+CUATRO+NUEVE+TRECE=TREINTA (726158+726158+42030+15070=1509416)
CINCO+CINCO+TREINTA+TREINTA=SETENTA (21326+21326+4751348+4751348=9545348)
OCHO+OCHO+CATORCE+TREINTA=SESENTA (7857+7857+8417286+1263014=9696014)
OCHO+DOCE+TREINTA+TREINTA=OCHENTA (9239+5920+4607841+4607841=9230841)
DIEZ+DIEZ+VEINTE+VEINTE=SESENTA (3456+3456+754085+754085=1515082)
10 unique-solution puzzles found (2655 puzzles examined)
Total time = 3710 msec.
##### Search 5 words addition
Cryptarithmetic Puzzle Solver by N. Tamura (type help for help)
CERO+CERO+CERO+CINCO+DIEZ=QUINCE (7839+7839+7839+74579+6482=104578)
CERO+CERO+CERO+SEIS+NUEVE=QUINCE (6792+6792+6792+4754+80737=105867)
CERO+CERO+CERO+NUEVE+ONCE=VEINTE (8236+8236+8236+94212+6982=125902)
CERO+CERO+UNO+SEIS+TRECE=VEINTE (7059+7059+469+3023+85070=102680)
CERO+CERO+TRES+CINCO+SIETE=QUINCE (8302+8302+6034+87982+47363=157983)
CERO+CERO+SEIS+SIETE+SIETE=VEINTE (8140+8140+9159+95161+95161=215761)
CERO+CERO+VEINTE+VEINTE+TREINTA=SETENTA (2614+2614+760386+760386+8160385=9686385)
CERO+CERO+TREINTA+TREINTA+TREINTA=NOVENTA (3986+3986+1890514+1890514+1890514=5679514)
CERO+UNO+UNO+TRES+SEIS=ONCE (3608+548+548+2061+1671=8436)
CERO+UNO+SEIS+SEIS+SIETE=VEINTE (4052+692+8078+8078+87030=107930)
CERO+TRES+TRES+CATORCE+SETENTA=NOVENTA (2648+9463+9463+2098426+3696590=5816590)
CERO+CINCO+CINCO+CINCO+CINCO=VEINTE (7098+74278+74278+74278+74278=304210)
UNO+UNO+UNO+SIETE+DIEZ=VEINTE (532+532+532+97060+8704=107360)
UNO+UNO+UNO+SIETE+SETENTA=OCHENTA (347+347+347+68959+6959451=7029451)
UNO+UNO+TRES+SEIS+NUEVE=VEINTE (698+698+4502+2032+96010=103940)
UNO+UNO+CUATRO+CUATRO+OCHENTA=NOVENTA (675+675+869325+869325+5801739=7541739)
UNO+DOS+DOS+CINCO+CINCO=QUINCE (349+590+590+68469+68469=138467)
UNO+TRES+TRES+SEIS+SIETE=VEINTE (946+5708+5708+8038+83050=103450)
UNO+CUATRO+CUATRO+ONCE+SETENTA=NOVENTA (351+239061+239061+1527+4707509=5187509)
UNO+NUEVE+VEINTE+TREINTA+TREINTA=NOVENTA (940+49232+327412+1827416+1827416=4032416)
DOS+TRES+TRES+TRES+NUEVE=VEINTE (865+9305+9305+9305+74010=102790)
DOS+TRES+TRES+CINCO+SIETE=VEINTE (542+6032+6032+97894+27363=137863)
DOS+ONCE+TRECE+CATORCE+TREINTA=SETENTA (726+2058+13858+5412358+1389014=6818014)
TRES+SEIS+SIETE+CATORCE+SESENTA=NOVENTA (6273+3703+30767+5169257+3737861=8947861)
CUATRO+CUATRO+CUATRO+CUATRO+CUATRO=VEINTE (170469+170469+170469+170469+170469=852345)
CUATRO+CUATRO+CINCO+SEIS+ONCE=TREINTA (825176+825176+89086+3493+6084=1749015)
CUATRO+CINCO+SIETE+CATORCE+TREINTA=SESENTA (453192+47042+67818+4312948+1987013=6868013)
OCHO+ONCE+ONCE+TREINTA+TREINTA=NOVENTA (1201+1928+1928+4586943+4586943=9178943)
DIEZ+DIEZ+VEINTE+VEINTE+TREINTA=NOVENTA (9682+9682+786318+786318+1486315=3078315)
DIEZ+VEINTE+VEINTE+VEINTE+VEINTE=NOVENTA (7580+485138+485138+485138+485138=1948132)
DOCE+DOCE+DOCE+CATORCE+TREINTA=OCHENTA (9850+9850+9850+5138450+3402631=8570631)
TRECE+TRECE+CATORCE+VEINTE+VEINTE=OCHENTA (31454+31454+5036154+742934+742934=6584930)
32 unique-solution puzzles found (10947 puzzles examined)
Total time = 16540 msec.
##### ncrypt -l es -d -n 6..10 
##### Search 6 words addition
Cryptarithmetic Puzzle Solver by N. Tamura (type help for help)
DOS+CINCO+SIETE+DOCE+CATORCE+TREINTA=SETENTA (287+64968+74515+2865+6018365+1354910=7515910)
1 unique-solution puzzles found (8280 puzzles examined)
Total time = 2810 msec.
##### Search 7 words addition
Cryptarithmetic Puzzle Solver by N. Tamura (type help for help)
UNO+CUATRO+CINCO+SEIS+ONCE+TRECE+TREINTA=SETENTA (147+615837+62467+9029+7460+83060+8302485=9080485)
TRES+CINCO+SEIS+OCHO+ONCE+TRECE+CATORCE=SESENTA (9603+27521+3073+1241+1520+96020+2891620=3030598)
TRES+SEIS+SIETE+ONCE+TRECE+VEINTE+TREINTA=NOVENTA (8713+3123+32181+4901+87101+612981+8712985=9461985)
3 unique-solution puzzles found (14513 puzzles examined)
Total time = 2540 msec.
##### Search 8 words addition
Cryptarithmetic Puzzle Solver by N. Tamura (type help for help)
UNO+DOS+TRES+CUATRO+ONCE+DOCE+TRECE+CATORCE=SESENTA (721+816+3906+574391+1250+8150+39050+5431950=6060234)
1 unique-solution puzzles found (18804 puzzles examined)
Total time = 1340 msec.
##### Search 9 words addition
Cryptarithmetic Puzzle Solver by N. Tamura (type help for help)
0 unique-solution puzzles found (17293 puzzles examined)
Total time = 770 msec.
##### Search 10 words addition
Cryptarithmetic Puzzle Solver by N. Tamura (type help for help)
0 unique-solution puzzles found (10492 puzzles examined)
Total time = 390 msec.
